<?xml version="1.0" encoding="UTF-8"?>
<!-- Generated by org.testng.reporters.JUnitXMLReporter -->
<testsuite hostname="DESKTOP-BBQ181V" ignored="0" name="Default test" tests="4" failures="0" timestamp="30 Nov 2019 07:24:21 GMT" time="47.86" errors="0">
  <testcase name="invalidCredentialsTest" time="1.86" classname="com.training.regression.tests.TC04_InvalidCredentialsDiffDataTest"/>
  <testcase name="invalidCredentialsTest" time="1.5" classname="com.training.regression.tests.TC04_InvalidCredentialsDiffDataTest"/>
  <testcase name="invalidCredentialsTest" time="1.775" classname="com.training.regression.tests.TC04_InvalidCredentialsDiffDataTest"/>
  <testcase name="invalidCredentialsTest" time="1.348" classname="com.training.regression.tests.TC04_InvalidCredentialsDiffDataTest"/>
</testsuite> <!-- Default test -->
